<?xml version="1.0" encoding="UTF-8"?>
<!-- Generated by org.testng.reporters.JUnitReportReporter -->
<testsuite hostname="LAPTOP-K8TBLJUL" failures="0" tests="1" name="testScript.DropdownHandling" time="21.656" errors="0" timestamp="2023-02-04T22:02:29 IST" skipped="0">
  <testcase classname="testScript.DropdownHandling" name="getDropDownBox" time="21.656"/>
  <system-out/>
</testsuite> <!-- testScript.DropdownHandling -->
