<?xml version="1.0" encoding="UTF-8"?>
<!-- Generated by org.testng.reporters.JUnitReportReporter -->
<testsuite hostname="LAPTOP-K8TBLJUL" failures="0" tests="1" name="testScript.Customercreation" time="21.714" errors="0" timestamp="2023-02-04T22:02:29 IST" skipped="0">
  <testcase classname="testScript.Customercreation" name="createCustomer" time="21.714"/>
  <system-out/>
</testsuite> <!-- testScript.Customercreation -->
